[    0.000000] Initializing cgroup subsys cpuset
[    0.000000] Initializing cgroup subsys cpu
[    0.000000] Initializing cgroup subsys cpuacct
[    0.000000] Linux version 4.4.0-98-generic (buildd@lcy01-03) (gcc version 5.4.0 20160609 (Ubuntu 5.4.0-6ubuntu1~16.04.4) ) #121-Ubuntu SMP Tue Oct 10 14:24:03 UTC 2017 (Ubuntu 4.4.0-98.121-generic 4.4.90)
[    0.000000] Command line: BOOT_IMAGE=/boot/vmlinuz-4.4.0-98-generic root=LABEL=cloudimg-rootfs ro console=tty1 console=ttyS0
[    0.000000] KERNEL supported cpus:
[    0.000000]   Intel GenuineIntel
[    0.000000]   AMD AuthenticAMD
[    0.000000]   Centaur CentaurHauls
[    0.000000] ------------[ cut here ]------------
[    0.000000] WARNING: CPU: 0 PID: 0 at /build/linux-3phnTq/linux-4.4.0/arch/x86/kernel/fpu/xstate.c:517 fpu__init_system_xstate+0x38b/0x75a()
[    0.000000] XSAVE consistency problem, dumping leaves
[    0.000000] Modules linked in:
[    0.000000] CPU: 0 PID: 0 Comm: swapper Not tainted 4.4.0-98-generic #121-Ubuntu
[    0.000000]  0000000000000086 022cf95d133447db ffffffff81e03d80 ffffffff813fb2c3
[    0.000000]  ffffffff81e03dc8 ffffffff81caa8c8 ffffffff81e03db8 ffffffff810812e2
[    0.000000]  ffffffff81e03e48 ffffffff81e03e4c 0000000000000008 0000000000000100
[    0.000000] Call Trace:
[    0.000000]  [<ffffffff813fb2c3>] dump_stack+0x63/0x90
[    0.000000]  [<ffffffff810812e2>] warn_slowpath_common+0x82/0xc0
[    0.000000]  [<ffffffff8108137c>] warn_slowpath_fmt+0x5c/0x80
[    0.000000]  [<ffffffff8107cff0>] ? xfeature_size+0x59/0x77
[    0.000000]  [<ffffffff81f6e20b>] fpu__init_system_xstate+0x38b/0x75a
[    0.000000]  [<ffffffff81f5e120>] ? early_idt_handler_array+0x120/0x120
[    0.000000]  [<ffffffff81f6db76>] fpu__init_system+0x10d/0x245
[    0.000000]  [<ffffffff81f6ec7f>] early_cpu_init+0x139/0x13e
[    0.000000]  [<ffffffff81f6ec7f>] ? early_cpu_init+0x139/0x13e
[    0.000000]  [<ffffffff81f6a181>] setup_arch+0xb4/0xcf6
[    0.000000]  [<ffffffff81f5e120>] ? early_idt_handler_array+0x120/0x120
[    0.000000]  [<ffffffff81f5ec74>] start_kernel+0xe4/0x4a2
[    0.000000]  [<ffffffff81f5e120>] ? early_idt_handler_array+0x120/0x120
[    0.000000]  [<ffffffff81f5e339>] x86_64_start_reservations+0x2a/0x2c
[    0.000000]  [<ffffffff81f5e485>] x86_64_start_kernel+0x14a/0x16d
[    0.000000] ---[ end trace 4d5ff9f2f68c4233 ]---
[    0.000000] CPUID[0d, 00]: eax=00000007 ebx=00000440 ecx=00000440 edx=00000000
[    0.000000] CPUID[0d, 01]: eax=00000000 ebx=000003c0 ecx=00000000 edx=00000000
[    0.000000] CPUID[0d, 02]: eax=00000100 ebx=00000240 ecx=00000000 edx=00000000
[    0.000000] CPUID[0d, 03]: eax=00000000 ebx=00000000 ecx=00000000 edx=00000000
[    0.000000] CPUID[0d, 04]: eax=00000000 ebx=00000000 ecx=00000000 edx=00000000
[    0.000000] CPUID[0d, 05]: eax=00000000 ebx=00000000 ecx=00000000 edx=00000000
[    0.000000] CPUID[0d, 06]: eax=00000000 ebx=00000000 ecx=00000000 edx=00000000
[    0.000000] CPUID[0d, 07]: eax=00000000 ebx=00000000 ecx=00000000 edx=00000000
[    0.000000] CPUID[0d, 08]: eax=00000000 ebx=00000000 ecx=00000000 edx=00000000
[    0.000000] CPUID[0d, 09]: eax=00000000 ebx=00000000 ecx=00000000 edx=00000000
[    0.000000] CPUID[0d, 0a]: eax=00000000 ebx=00000000 ecx=00000000 edx=00000000
[    0.000000] CPUID[0d, 0b]: eax=00000000 ebx=00000000 ecx=00000000 edx=00000000
[    0.000000] CPUID[0d, 0c]: eax=00000000 ebx=00000000 ecx=00000000 edx=00000000
[    0.000000] CPUID[0d, 0d]: eax=00000000 ebx=00000000 ecx=00000000 edx=00000000
[    0.000000] CPUID[0d, 0e]: eax=00000000 ebx=00000000 ecx=00000000 edx=00000000
[    0.000000] CPUID[0d, 0f]: eax=00000000 ebx=00000000 ecx=00000000 edx=00000000
[    0.000000] CPUID[0d, 10]: eax=00000000 ebx=00000000 ecx=00000000 edx=00000000
[    0.000000] CPUID[0d, 11]: eax=00000000 ebx=00000000 ecx=00000000 edx=00000000
[    0.000000] x86/fpu: xstate_offset[2]:  576, xstate_sizes[2]:  256
[    0.000000] x86/fpu: Supporting XSAVE feature 0x01: 'x87 floating point registers'
[    0.000000] x86/fpu: Supporting XSAVE feature 0x02: 'SSE registers'
[    0.000000] x86/fpu: Supporting XSAVE feature 0x04: 'AVX registers'
[    0.000000] x86/fpu: Enabled xstate features 0x7, context size is 1088 bytes, using 'standard' format.
[    0.000000] x86/fpu: Using 'lazy' FPU context switches.
[    0.000000] e820: BIOS-provided physical RAM map:
[    0.000000] BIOS-e820: [mem 0x0000000000000000-0x000000000009fbff] usable
[    0.000000] BIOS-e820: [mem 0x000000000009fc00-0x000000000009ffff] reserved
[    0.000000] BIOS-e820: [mem 0x00000000000f0000-0x00000000000fffff] reserved
[    0.000000] BIOS-e820: [mem 0x0000000000100000-0x000000003ffeffff] usable
[    0.000000] BIOS-e820: [mem 0x000000003fff0000-0x000000003fffffff] ACPI data
[    0.000000] BIOS-e820: [mem 0x00000000fec00000-0x00000000fec00fff] reserved
[    0.000000] BIOS-e820: [mem 0x00000000fee00000-0x00000000fee00fff] reserved
[    0.000000] BIOS-e820: [mem 0x00000000fffc0000-0x00000000ffffffff] reserved
[    0.000000] NX (Execute Disable) protection: active
[    0.000000] SMBIOS 2.5 present.
[    0.000000] Hypervisor detected: KVM
[    0.000000] e820: last_pfn = 0x3fff0 max_arch_pfn = 0x400000000
[    0.000000] MTRR: Disabled
[    0.000000] x86/PAT: MTRRs disabled, skipping PAT initialization too.
[    0.000000] CPU MTRRs all blank - virtualized system.
[    0.000000] x86/PAT: Configuration [0-7]: WB  WT  UC- UC  WB  WT  UC- UC  
[    0.000000] found SMP MP-table at [mem 0x0009fff0-0x0009ffff] mapped at [ffff88000009fff0]
[    0.000000] Scanning 1 areas for low memory corruption
[    0.000000] RAMDISK: [mem 0x36ae2000-0x37568fff]
[    0.000000] ACPI: Early table checksum verification disabled
[    0.000000] ACPI: RSDP 0x00000000000E0000 000024 (v02 VBOX  )
[    0.000000] ACPI: XSDT 0x000000003FFF0030 00003C (v01 VBOX   VBOXXSDT 00000001 ASL  00000061)
[    0.000000] ACPI: FACP 0x000000003FFF00F0 0000F4 (v04 VBOX   VBOXFACP 00000001 ASL  00000061)
[    0.000000] ACPI: DSDT 0x000000003FFF0470 0021C8 (v02 VBOX   VBOXBIOS 00000002 INTL 20100528)
[    0.000000] ACPI: FACS 0x000000003FFF0200 000040
[    0.000000] ACPI: FACS 0x000000003FFF0200 000040
[    0.000000] ACPI: APIC 0x000000003FFF0240 00005C (v02 VBOX   VBOXAPIC 00000001 ASL  00000061)
[    0.000000] ACPI: SSDT 0x000000003FFF02A0 0001CC (v01 VBOX   VBOXCPUT 00000002 INTL 20100528)
[    0.000000] No NUMA configuration found
[    0.000000] Faking a node at [mem 0x0000000000000000-0x000000003ffeffff]
[    0.000000] NODE_DATA(0) allocated [mem 0x3ffeb000-0x3ffeffff]
[    0.000000] kvm-clock: Using msrs 4b564d01 and 4b564d00
[    0.000000] kvm-clock: cpu 0, msr 0:3ffe3001, primary cpu clock
[    0.000000] kvm-clock: using sched offset of 3387274586 cycles
[    0.000000] clocksource: kvm-clock: mask: 0xffffffffffffffff max_cycles: 0x1cd42e4dffb, max_idle_ns: 881590591483 ns
[    0.000000] Zone ranges:
[    0.000000]   DMA      [mem 0x0000000000001000-0x0000000000ffffff]
[    0.000000]   DMA32    [mem 0x0000000001000000-0x000000003ffeffff]
[    0.000000]   Normal   empty
[    0.000000]   Device   empty
[    0.000000] Movable zone start for each node
[    0.000000] Early memory node ranges
[    0.000000]   node   0: [mem 0x0000000000001000-0x000000000009efff]
[    0.000000]   node   0: [mem 0x0000000000100000-0x000000003ffeffff]
[    0.000000] Initmem setup node 0 [mem 0x0000000000001000-0x000000003ffeffff]
[    0.000000] ACPI: PM-Timer IO Port: 0x4008
[    0.000000] IOAPIC[0]: apic_id 2, version 32, address 0xfec00000, GSI 0-23
[    0.000000] ACPI: INT_SRC_OVR (bus 0 bus_irq 0 global_irq 2 dfl dfl)
[    0.000000] ACPI: INT_SRC_OVR (bus 0 bus_irq 9 global_irq 9 high level)
[    0.000000] Using ACPI (MADT) for SMP configuration information
[    0.000000] smpboot: Allowing 2 CPUs, 0 hotplug CPUs
[    0.000000] PM: Registered nosave memory: [mem 0x00000000-0x00000fff]
[    0.000000] PM: Registered nosave memory: [mem 0x0009f000-0x0009ffff]
[    0.000000] PM: Registered nosave memory: [mem 0x000a0000-0x000effff]
[    0.000000] PM: Registered nosave memory: [mem 0x000f0000-0x000fffff]
[    0.000000] e820: [mem 0x40000000-0xfebfffff] available for PCI devices
[    0.000000] Booting paravirtualized kernel on KVM
[    0.000000] clocksource: refined-jiffies: mask: 0xffffffff max_cycles: 0xffffffff, max_idle_ns: 7645519600211568 ns
[    0.000000] setup_percpu: NR_CPUS:512 nr_cpumask_bits:512 nr_cpu_ids:2 nr_node_ids:1
[    0.000000] PERCPU: Embedded 34 pages/cpu @ffff88003fc00000 s98328 r8192 d32744 u1048576
[    0.000000] PV qspinlock hash table entries: 256 (order: 0, 4096 bytes)
[    0.000000] Built 1 zonelists in Node order, mobility grouping on.  Total pages: 257913
[    0.000000] Policy zone: DMA32
[    0.000000] Kernel command line: BOOT_IMAGE=/boot/vmlinuz-4.4.0-98-generic root=LABEL=cloudimg-rootfs ro console=tty1 console=ttyS0
[    0.000000] PID hash table entries: 4096 (order: 3, 32768 bytes)
[    0.000000] Memory: 1001784K/1048120K available (8484K kernel code, 1294K rwdata, 3988K rodata, 1492K init, 1316K bss, 46336K reserved, 0K cma-reserved)
[    0.000000] SLUB: HWalign=64, Order=0-3, MinObjects=0, CPUs=2, Nodes=1
[    0.000000] Hierarchical RCU implementation.
[    0.000000] 	Build-time adjustment of leaf fanout to 64.
[    0.000000] 	RCU restricting CPUs from NR_CPUS=512 to nr_cpu_ids=2.
[    0.000000] RCU: Adjusting geometry for rcu_fanout_leaf=64, nr_cpu_ids=2
[    0.000000] NR_IRQS:33024 nr_irqs:440 16
[    0.000000] Console: colour VGA+ 80x25
[    0.000000] console [tty1] enabled
[    0.000000] console [ttyS0] enabled
[    0.000000] tsc: Detected 2807.998 MHz processor
[   18.951118] Calibrating delay loop (skipped) preset value.. 5615.99 BogoMIPS (lpj=11231992)
[   19.182829] pid_max: default: 32768 minimum: 301
[   19.301573] ACPI: Core revision 20150930
[   19.422169] ACPI: 2 ACPI AML tables successfully acquired and loaded
[   19.610882] Security Framework initialized
[   19.726365] Yama: becoming mindful.
[   19.807038] AppArmor: AppArmor initialized
[   19.900012] Dentry cache hash table entries: 131072 (order: 8, 1048576 bytes)
[   20.037090] Inode-cache hash table entries: 65536 (order: 7, 524288 bytes)
[   20.210270] Mount-cache hash table entries: 2048 (order: 2, 16384 bytes)
[   20.358854] Mountpoint-cache hash table entries: 2048 (order: 2, 16384 bytes)
[   20.364665] Initializing cgroup subsys io
[   20.365311] Initializing cgroup subsys memory
[   20.366075] Initializing cgroup subsys devices
[   20.366781] Initializing cgroup subsys freezer
[   20.367489] Initializing cgroup subsys net_cls
[   20.469239] Initializing cgroup subsys perf_event
[   20.608615] Initializing cgroup subsys net_prio
[   20.714840] Initializing cgroup subsys hugetlb
[   20.862813] Initializing cgroup subsys pids
[   20.975220] CPU: Physical Processor ID: 0
[   21.046774] CPU: Processor Core ID: 0
[   21.048413] mce: CPU supports 0 MCE banks
[   21.049111] Last level iTLB entries: 4KB 64, 2MB 8, 4MB 8
[   21.105514] Last level dTLB entries: 4KB 64, 2MB 0, 4MB 0, 1GB 4
[   21.237313] Freeing SMP alternatives memory: 32K
[   21.364443] ftrace: allocating 32154 entries in 126 pages
[   21.578347] smpboot: APIC(0) Converting physical 0 to logical package 0
[   21.727817] smpboot: Max logical packages: 1
[   21.789513] x2apic enabled
[   21.832337] Switched APIC routing to physical x2apic.
[   21.860623] ..TIMER: vector=0x30 apic1=0 pin1=2 apic2=-1 pin2=-1
[   22.078278] smpboot: CPU0: Intel(R) Core(TM) i7-7700HQ CPU @ 2.80GHz (family: 0x6, model: 0x9e, stepping: 0x9)
[   22.345201] Performance Events: unsupported p6 CPU model 158 no PMU driver, software events only.
[   22.516885] KVM setup paravirtual spinlock
[   22.613553] x86: Booting SMP configuration:
[   22.707176] .... node  #0, CPUs:      #1
[   22.791370] kvm-clock: cpu 1, msr 0:3ffe3041, secondary cpu clock
[   22.865936] mce: CPU supports 0 MCE banks
[   22.887641] x86: Booted up 1 node, 2 CPUs
[   22.965347] smpboot: Total of 2 processors activated (11231.99 BogoMIPS)
[   23.055776] devtmpfs: initialized
[   23.111052] evm: security.selinux
[   23.190031] evm: security.SMACK64
[   23.224592] evm: security.SMACK64EXEC
[   23.289925] evm: security.SMACK64TRANSMUTE
[   23.328841] evm: security.SMACK64MMAP
[   23.372054] evm: security.ima
[   23.385298] evm: security.capability
[   23.405442] clocksource: jiffies: mask: 0xffffffff max_cycles: 0xffffffff, max_idle_ns: 7645041785100000 ns
[   23.564889] futex hash table entries: 512 (order: 3, 32768 bytes)
[   23.729110] pinctrl core: initialized pinctrl subsystem
[   23.880007] RTC time: 13:26:45, date: 11/19/17
[   24.006788] NET: Registered protocol family 16
[   24.143478] cpuidle: using governor ladder
[   24.267391] cpuidle: using governor menu
[   24.338280] PCCT header not found.
[   24.434192] ACPI: bus type PCI registered
[   24.556488] acpiphp: ACPI Hot Plug PCI Controller Driver version: 0.5
[   24.643495] PCI: Using configuration type 1 for base access
[   24.655900] ACPI: Added _OSI(Module Device)
[   24.784167] ACPI: Added _OSI(Processor Device)
[   24.919022] ACPI: Added _OSI(3.0 _SCP Extensions)
[   25.064434] ACPI: Added _OSI(Processor Aggregator Device)
[   25.232073] ACPI: Executed 1 blocks of module-level executable AML code
[   25.306566] ACPI: Interpreter enabled
[   25.396972] ACPI: (supports S0 S5)
[   25.505106] ACPI: Using IOAPIC for interrupt routing
[   25.636804] PCI: Using host bridge windows from ACPI; if necessary, use "pci=nocrs" and report a bug
[   25.809250] ACPI: PCI Root Bridge [PCI0] (domain 0000 [bus 00-ff])
[   25.822690] acpi PNP0A03:00: _OSC: OS supports [ASPM ClockPM Segments MSI]
[   25.823632] acpi PNP0A03:00: _OSC failed (AE_NOT_FOUND); disabling ASPM
[   25.824560] acpi PNP0A03:00: fail to add MMCONFIG information, can't access extended PCI configuration space under this bridge.
[   25.915425] PCI host bridge to bus 0000:00
[   26.036315] pci_bus 0000:00: root bus resource [io  0x0000-0x0cf7 window]
[   26.242634] pci_bus 0000:00: root bus resource [io  0x0d00-0xffff window]
[   26.243579] pci_bus 0000:00: root bus resource [mem 0x000a0000-0x000bffff window]
[   26.244800] pci_bus 0000:00: root bus resource [mem 0x40000000-0xffdfffff window]
[   26.245953] pci_bus 0000:00: root bus resource [bus 00-ff]
[   26.248269] pci 0000:00:01.1: legacy IDE quirk: reg 0x10: [io  0x01f0-0x01f7]
[   26.404600] pci 0000:00:01.1: legacy IDE quirk: reg 0x14: [io  0x03f6]
[   26.472714] pci 0000:00:01.1: legacy IDE quirk: reg 0x18: [io  0x0170-0x0177]
[   26.660228] pci 0000:00:01.1: legacy IDE quirk: reg 0x1c: [io  0x0376]
[   26.776144] pci 0000:00:07.0: quirk: [io  0x4000-0x403f] claimed by PIIX4 ACPI
[   26.994154] pci 0000:00:07.0: quirk: [io  0x4100-0x410f] claimed by PIIX4 SMB
[   27.118828] ACPI: PCI Interrupt Link [LNKA] (IRQs 5 9 10 *11)
[   27.275167] ACPI: PCI Interrupt Link [LNKB] (IRQs 5 9 10 *11)
[   27.424121] ACPI: PCI Interrupt Link [LNKC] (IRQs 5 9 *10 11)
[   27.510036] ACPI: PCI Interrupt Link [LNKD] (IRQs 5 *9 10 11)
[   27.665846] ACPI: Enabled 2 GPEs in block 00 to 07
[   27.795635] vgaarb: setting as boot device: PCI:0000:00:02.0
[   27.955067] vgaarb: device added: PCI:0000:00:02.0,decodes=io+mem,owns=io+mem,locks=none
[   28.198940] vgaarb: loaded
[   28.283353] vgaarb: bridge control possible 0000:00:02.0
[   28.306008] SCSI subsystem initialized
[   28.406314] ACPI: bus type USB registered
[   28.520520] usbcore: registered new interface driver usbfs
[   28.624897] usbcore: registered new interface driver hub
[   28.791339] usbcore: registered new device driver usb
[   28.927931] PCI: Using ACPI for IRQ routing
[   29.048228] NetLabel: Initializing
[   29.148265] NetLabel:  domain hash size = 128
[   29.285117] NetLabel:  protocols = UNLABELED CIPSOv4
[   29.433030] NetLabel:  unlabeled traffic allowed by default
[   29.549511] amd_nb: Cannot enumerate AMD northbridges
[   29.606974] clocksource: Switched to clocksource kvm-clock
[   29.741850] AppArmor: AppArmor Filesystem Enabled
[   29.892887] pnp: PnP ACPI init
[   29.983521] pnp: PnP ACPI: found 3 devices
[   30.128094] clocksource: acpi_pm: mask: 0xffffff max_cycles: 0xffffff, max_idle_ns: 2085701024 ns
[   30.422350] NET: Registered protocol family 2
[   30.565575] TCP established hash table entries: 8192 (order: 4, 65536 bytes)
[   30.774199] TCP bind hash table entries: 8192 (order: 5, 131072 bytes)
[   30.989802] TCP: Hash tables configured (established 8192 bind 8192)
[   31.159166] UDP hash table entries: 512 (order: 2, 16384 bytes)
[   31.320589] UDP-Lite hash table entries: 512 (order: 2, 16384 bytes)
[   31.506176] NET: Registered protocol family 1
[   31.618400] pci 0000:00:00.0: Limiting direct PCI/PCI transfers
[   31.778683] pci 0000:00:01.0: Activating ISA DMA hang workarounds
[   31.781282] Unpacking initramfs...
[   33.679704] Freeing initrd memory: 10780K
[   33.795243] platform rtc_cmos: registered platform RTC device (no PNP device found)
[   33.975415] Scanning for low memory corruption every 60 seconds
[   34.161587] audit: initializing netlink subsys (disabled)
[   34.261193] audit: type=2000 audit(1511097991.376:1): initialized
[   34.454323] Initialise system trusted keyring
[   34.565525] HugeTLB registered 2 MB page size, pre-allocated 0 pages
[   34.690987] zbud: loaded
[   34.750712] VFS: Disk quotas dquot_6.6.0
[   34.859291] tsc: Refined TSC clocksource calibration: 2806.102 MHz
[   34.919775] clocksource: tsc: mask: 0xffffffffffffffff max_cycles: 0x2872c548502, max_idle_ns: 440795296158 ns
[   34.919918] VFS: Dquot-cache hash table entries: 512 (order 0, 4096 bytes)
[   34.920224] squashfs: version 4.0 (2009/01/31) Phillip Lougher
[   35.037832] fuse init (API version 7.23)
[   35.163123] Key type big_key registered
[   35.234360] Allocating IMA MOK and blacklist keyrings.
[   35.325680] Key type asymmetric registered
[   35.394204] Asymmetric key parser 'x509' registered
[   35.427857] Block layer SCSI generic (bsg) driver version 0.4 loaded (major 249)
[   35.577203] io scheduler noop registered
[   35.671819] io scheduler deadline registered (default)
[   35.780076] io scheduler cfq registered
[   35.848185] pci_hotplug: PCI Hot Plug PCI Core version: 0.5
[   35.953432] pciehp: PCI Express Hot Plug Controller Driver version: 0.4
[   36.099647] ACPI: AC Adapter [AC] (off-line)
[   36.223700] input: Power Button as /devices/LNXSYSTM:00/LNXPWRBN:00/input/input0
[   36.418010] ACPI: Power Button [PWRF]
[   36.463056] input: Sleep Button as /devices/LNXSYSTM:00/LNXSLPBN:00/input/input1
[   36.628891] ACPI: Sleep Button [SLPF]
[   36.673312] ACPI: Battery Slot [BAT0] (battery present)
[   36.679266] GHES: HEST is not enabled!
ÿ[   36.700902] Serial: 8250/16550 driver, 32 ports, IRQ sharing enabled
[   36.808546] 00:02: ttyS0 at I/O 0x3f8 (irq = 4, base_baud = 115200) is a 16550A
[   36.916324] Linux agpgart interface v0.103
[   36.988649] loop: module loaded
[   37.031155] scsi host0: ata_piix
[   37.082856] scsi host1: ata_piix
[   37.154981] ata1: PATA max UDMA/33 cmd 0x1f0 ctl 0x3f6 bmdma 0xd000 irq 14
[   37.325287] ata2: PATA max UDMA/33 cmd 0x170 ctl 0x376 bmdma 0xd008 irq 15
[   37.465508] libphy: Fixed MDIO Bus: probed
[   37.518806] tun: Universal TUN/TAP device driver, 1.6
[   37.642907] tun: (C) 1999-2004 Max Krasnyansky <maxk@qualcomm.com>
[   37.808536] PPP generic driver version 2.4.2
[   37.916308] ehci_hcd: USB 2.0 'Enhanced' Host Controller (EHCI) Driver
[   38.034823] ehci-pci: EHCI PCI platform driver
[   38.151556] ehci-platform: EHCI generic platform driver
[   38.304084] ohci_hcd: USB 1.1 'Open' Host Controller (OHCI) Driver
[   38.470427] ohci-pci: OHCI PCI platform driver
[   38.558147] ohci-platform: OHCI generic platform driver
[   38.643971] uhci_hcd: USB Universal Host Controller Interface driver
[   38.684822] i8042: PNP: PS/2 Controller [PNP0303:PS2K,PNP0f03:PS2M] at 0x60,0x64 irq 1,12
[   38.788729] serio: i8042 KBD port at 0x60,0x64 irq 1
[   38.876546] serio: i8042 AUX port at 0x60,0x64 irq 12
[   38.911451] mousedev: PS/2 mouse device common for all mice
[   39.046197] input: AT Translated Set 2 keyboard as /devices/platform/i8042/serio0/input/input2
[   39.190324] rtc_cmos rtc_cmos: rtc core: registered rtc_cmos as rtc0
[   39.248184] rtc_cmos rtc_cmos: alarms up to one day, 114 bytes nvram
[   39.272022] i2c /dev entries driver
[   39.301218] device-mapper: uevent: version 1.0.3
[   39.302219] device-mapper: ioctl: 4.34.0-ioctl (2015-10-28) initialised: dm-devel@redhat.com
[   39.400102] ledtrig-cpu: registered to indicate activity on CPUs
[   39.486790] NET: Registered protocol family 10
[   39.547651] NET: Registered protocol family 17
[   39.623676] Key type dns_resolver registered
[   39.665354] microcode: CPU0 sig=0x906e9, pf=0x8, revision=0x0
[   39.741458] microcode: CPU1 sig=0x906e9, pf=0x8, revision=0x0
[   39.796584] microcode: Microcode Update Driver: v2.01 <tigran@aivazian.fsnet.co.uk>, Peter Oruba
[   40.008071] registered taskstats version 1
[   40.098726] Loading compiled-in X.509 certificates
[   40.108531] Loaded X.509 cert 'Build time autogenerated kernel key: 7431eaeda5a51458aeb00f8de0f18f89e178d882'
[   40.357522] zswap: loaded using pool lzo/zbud
[   40.487810] Key type trusted registered
[   40.572767] Key type encrypted registered
[   40.673570] AppArmor: AppArmor sha1 policy hashing enabled
[   40.727550] ima: No TPM chip found, activating TPM-bypass!
[   40.846777] evm: HMAC attrs: 0x1
[   40.937305]   Magic number: 9:212:433
[   40.945680] rtc_cmos rtc_cmos: setting system clock to 2017-11-19 13:27:02 UTC (1511098022)
[   40.947052] BIOS EDD facility v0.16 2004-Jun-25, 0 devices found
[   40.947909] EDD information not available.
[   40.949660] Freeing unused kernel memory: 1492K
[   40.950360] Write protecting the kernel read-only data: 14336k
[   40.965169] Freeing unused kernel memory: 1744K
[   40.966061] Freeing unused kernel memory: 108K
Loading, please wait...
starting version[   40.993407] random: systemd-udevd: uninitialized urandom read (16 bytes read, 7 bits of entropy available)
 229
[   40.993763] random: udevadm: uninitialized urandom read (16 bytes read, 7 bits of entropy available)
[   40.993788] random: udevadm: uninitialized urandom read (16 bytes read, 7 bits of entropy available)
[   40.998583] random: udevadm: uninitialized urandom read (16 bytes read, 7 bits of entropy available)
[   40.998609] random: udevadm: uninitialized urandom read (16 bytes read, 7 bits of entropy available)
[   40.998684] random: udevadm: uninitialized urandom read (16 bytes read, 7 bits of entropy available)
[   40.998711] random: udevadm: uninitialized urandom read (16 bytes read, 7 bits of entropy available)
[   40.998773] random: udevadm: uninitialized urandom read (16 bytes read, 7 bits of entropy available)
[   40.998815] random: udevadm: uninitialized urandom read (16 bytes read, 7 bits of entropy available)
[   40.998844] random: udevadm: uninitialized urandom read (16 bytes read, 7 bits of entropy available)
[   42.708332] e1000: Intel(R) PRO/1000 Network Driver - version 7.3.21-k8-NAPI
[   42.708351] Fusion MPT base driver 3.04.20
[   42.708352] Copyright (c) 1999-2008 LSI Corporation
[   43.076678] e1000: Copyright (c) 1999-2006 Intel Corporation.
[   43.222325] Fusion MPT SPI Host driver 3.04.20
[   43.255287] AVX version of gcm_enc/dec engaged.
[   43.379576] AES CTR mode by8 optimization enabled
[   43.500359] input: ImExPS/2 Generic Explorer Mouse as /devices/platform/i8042/serio1/input/input4
[   43.840185] e1000 0000:00:03.0 eth0: (PCI:33MHz:32-bit) 02:1b:fc:5d:b5:ff
[   43.971545] e1000 0000:00:03.0 eth0: Intel(R) PRO/1000 Network Connection
[   44.094509] e1000 0000:00:03.0 enp0s3: renamed from eth0
[   44.238474] mptbase: ioc0: Initiating bringup
[   44.399571] ioc0: LSI53C1030 A0: Capabilities={Initiator}
[   44.623144] scsi host2: ioc0: LSI53C1030 A0, FwRev=00000000h, Ports=1, MaxQ=256, IRQ=20
[   44.928783] scsi 2:0:0:0: Direct-Access     VBOX     HARDDISK         1.0  PQ: 0 ANSI: 5
[   45.133056] scsi target2:0:0: Beginning Domain Validation
[   45.309052] scsi target2:0:0: Domain Validation skipping write tests
[   45.466373] scsi target2:0:0: Ending Domain Validation
[   45.573200] scsi target2:0:0: asynchronous
[   45.691012] scsi 2:0:1:0: Direct-Access     VBOX     HARDDISK         1.0  PQ: 0 ANSI: 5
[   45.918664] scsi target2:0:1: Beginning Domain Validation
[   46.072722] scsi target2:0:1: Domain Validation skipping write tests
[   46.228795] scsi target2:0:1: Ending Domain Validation
[   46.383368] floppy0: no floppy controllers found
[   46.383443] work still pending
[   46.575812] scsi target2:0:1: asynchronous
[   46.646451] sd 2:0:0:0: Attached scsi generic sg0 type 0
[   46.801086] sd 2:0:0:0: [sda] 20971520 512-byte logical blocks: (10.7 GB/10.0 GiB)
[   46.801260] sd 2:0:1:0: Attached scsi generic sg1 type 0
[   46.801420] sd 2:0:1:0: [sdb] 20480 512-byte logical blocks: (10.5 MB/10.0 MiB)
[   46.801813] sd 2:0:1:0: [sdb] Write Protect is off
[   46.801960] sd 2:0:1:0: [sdb] Incomplete mode parameter data
[   46.801961] sd 2:0:1:0: [sdb] Assuming drive cache: write through
[   46.850874] sd 2:0:1:0: [sdb] Attached SCSI disk
[   47.417861] sd 2:0:0:0: [sda] Write Protect is off
[   47.492952] sd 2:0:0:0: [sda] Incomplete mode parameter data
[   47.595959] sd 2:0:0:0: [sda] Assuming drive cache: write through
[   47.679547]  sda: sda1
[   47.734856] sd 2:0:0:0: [sda] Attached SCSI disk
Begin: Loading e[   49.207901] md: linear personality registered for level -1
ssential drivers[   49.371481] md: multipath personality registered for level -4
 ... [   49.572870] md: raid0 personality registered for level 0
[   49.687758] md: raid1 personality registered for level 1
[   49.879358] raid6: sse2x1   gen()  8441 MB/s
[   49.954985] raid6: sse2x1   xor()  5757 MB/s
[   50.031252] raid6: sse2x2   gen()  8120 MB/s
[   50.147501] raid6: sse2x2   xor()  6395 MB/s
[   50.227244] raid6: sse2x4   gen() 10249 MB/s
[   50.343531] raid6: sse2x4   xor()  7279 MB/s
[   50.368340] raid6: using algorithm sse2x4 gen() 10249 MB/s
[   50.370817] raid6: .... xor() 7279 MB/s, rmw enabled
[   50.376954] raid6: using ssse3x2 recovery algorithm
[   50.394614] xor: automatically using best checksumming function:
[   50.443274]    avx       : 20037.000 MB/sec
[   50.483743] async_tx: api initialized (async)
[   50.502710] md: raid6 personality registered for level 6
[   50.514024] md: raid5 personality registered for level 5
[   50.516841] md: raid4 personality registered for level 4
[   50.532704] md: raid10 personality registered for level 10
done.
Begin: Running /scripts/i[   50.678858] Btrfs loaded
nit-premount ... done.
Begin: Mounting root file system ... Begin: Running /scripts/local-top ... done.
Begin:[   50.837514] EXT4-fs (sda1): mounted filesystem with ordered data mode. Opts: (null)
 Running /scripts/local-premount ... Scanning for Btrfs filesystems
done.
Warning: fsck not present, so skipping root file system
done.
Begin: Running /scripts/local-bottom ... done.
Begin: Running /scripts/init-bottom ... done.
[   51.412803] random: nonblocking pool is initialized
[   51.604423] systemd[1]: systemd 229 running in system mode. (+PAM +AUDIT +SELINUX +IMA +APPARMOR +SMACK +SYSVINIT +UTMP +LIBCRYPTSETUP +GCRYPT +GNUTLS +ACL +XZ -LZ4 +SECCOMP +BLKID +ELFUTILS +KMOD -IDN)
[   51.815854] systemd[1]: Detected virtualization oracle.
[   51.877686] systemd[1]: Detected architecture x86-64.

Welcome to [1mUbuntu 16.04.3 LTS[0m!

[   52.067308] systemd[1]: Set hostname to <ubuntu-xenial>.
[   52.813107] systemd[1]: Reached target User and Group Name Lookups.
[[0;32m  OK  [0m] Reached target User and Group Name Lookups.
[   53.011958] systemd[1]: Listening on udev Control Socket.
[[0;32m  OK  [0m] Listening on udev Control Socket.
[   53.064008] systemd[1]: Listening on Syslog Socket.
[[0;32m  OK  [0m] Listening on Syslog Socket.
[   53.133571] systemd[1]: Listening on Journal Audit Socket.
[[0;32m  OK  [0m] Listening on Journal Audit Socket.
[   53.173133] systemd[1]: Listening on Journal Socket.
[[0;32m  OK  [0m] Listening on Journal Socket.
[   53.187204] systemd[1]: Started Forward Password Requests to Wall Directory Watch.
[[0;32m  OK  [0m] Started Forward Password Requests to Wall Directory Watch.
[   53.239819] systemd[1]: Listening on LVM2 metadata daemon socket.
[[0;32m  OK  [0m] Listening on LVM2 metadata daemon socket.
[   53.272234] systemd[1]: Listening on Device-mapper event daemon FIFOs.
[[0;32m  OK  [0m] Listening on Device-mapper event daemon FIFOs.
[   53.367208] systemd[1]: Listening on Journal Socket (/dev/log).
[[0;32m  OK  [0m] Listening on Journal Socket (/dev/log).
[   53.379466] systemd[1]: Listening on LVM2 poll daemon socket.
[[0;32m  OK  [0m] Listening on LVM2 poll daemon socket.
[   53.440151] systemd[1]: Listening on udev Kernel Socket.
[[0;32m  OK  [0m] Listening on udev Kernel Socket.
[   53.481355] systemd[1]: Created slice User and Session Slice.
[[0;32m  OK  [0m] Created slice User and Session Slice.
[   53.551712] systemd[1]: Set up automount Arbitrary Executable File Formats File System Automount Point.
[[0;32m  OK  [0m] Set up automount Arbitrary Executab...ats File System Automount Point.
[   53.564626] systemd[1]: Started Trigger resolvconf update for networkd DNS.
[[0;32m  OK  [0m] Started Trigger resolvconf update for networkd DNS.
[   53.583659] systemd[1]: Reached target Swap.
[[0;32m  OK  [0m] Reached target Swap.
[   53.625620] systemd[1]: Listening on /dev/initctl Compatibility Named Pipe.
[[0;32m  OK  [0m] Listening on /dev/initctl Compatibility Named Pipe.
[   53.645176] systemd[1]: Created slice System Slice.
[[0;32m  OK  [0m] Created slice System Slice.
[   53.685233] systemd[1]: Created slice system-serial\x2dgetty.slice.
[[0;32m  OK  [0m] Created slice system-serial\x2dgetty.slice.
[   53.763989] systemd[1]: Mounting Debug File System...
         Mounting Debug File System...
[   53.867230] systemd[1]: Starting Uncomplicated firewall...
         Starting Uncomplicated firewall...
[   53.967502] systemd[1]: Starting Remount Root and Kernel File Systems...
[   53.985111] EXT4-fs (sda1): re-mounted. Opts: (null)
         Starting Remount Root and Kernel File Systems...
[   54.147780] systemd[1]: Starting Nameserver information manager...
         Starting Nameserver information manager...
[   54.239569] systemd[1]: Starting Load Kernel Modules...
         Starting Load Kernel Modules...
[   54.288654] systemd[1]: Starting Monitoring of LVM2 mirrors, snapshots etc. using dmeventd or progress polling...
         Starting Monitoring of LVM2 mirrors... dmeventd or progress polling...
[   54.331064] systemd[1]: Mounting POSIX Message Queue File System...
[   54.427569] Loading iSCSI transport class v2.0-870.
         Mountin[   54.543830] iscsi: registered transport (tcp)
g POSIX Message Queue File System...
[   54.728031] systemd[1]: Mounting Huge Pages File System...
         Mountin[   54.847664] iscsi: registered transport (iser)
g Huge Pages File System...
[   55.043238] systemd[1]: Starting Create list of required static device nodes for the current kernel...
         Starting Create list of required st... nodes for the current kernel...
[   55.316022] systemd[1]: Starting Set console keymap...
         Starting Set console keymap...
[   55.483799] systemd[1]: Starting Journal Service...
         Starting Journal Service...
[   55.659991] systemd[1]: Reached target Slices.
[[0;32m  OK  [0m] Reached target Slices.
[   55.832305] systemd[1]: Reached target Encrypted Volumes.
[[0;32m  OK  [0m] Reached target Encrypted Volumes.
[   56.008867] systemd[1]: Mounted POSIX Message Queue File System.
[[0;32m  OK  [0m] Mounted POSIX Message Queue File System.
[   56.223937] systemd[1]: Mounted Debug File System.
[[0;32m  OK  [0m] Mounted Debug File System.
[   56.360003] systemd[1]: Mounted Huge Pages File System.
[[0;32m  OK  [0m] Mounted Huge Pages File System.
[   56.515935] systemd[1]: Started Journal Service.
[[0;32m  OK  [0m] Started Journal Service.
[[0;32m  OK  [0m] Started Uncomplicated firewall.
[[0;32m  OK  [0m] Started Remount Root and Kernel File Systems.
[[0;32m  OK  [0m] Started Load Kernel Modules.
[[0;32m  OK  [0m] Started Create list of required sta...ce nodes for the current kernel.
[[0;32m  OK  [0m] Started Set console keymap.
[[0;32m  OK  [0m] Started Nameserver information manager.
[[0;32m  OK  [0m] Started LVM2 metadata daemon.
         Starting Create Static Device Nodes in /dev...
         Starting Apply Kernel Variables...
         Mounting FUSE Control File System...
         Starting udev Coldplug all Devices...
         Starting Initial cloud-init job (pre-networking)...
         Starting Load/Save Random Seed...
         Starting Flush Journal to Persistent Storage...
[[0;32m  OK  [0m] Mounted FUSE Control File System.
[[0;32m  OK  [0m] Started Create Static Device Nodes in /dev.
[[0;32m  OK  [0m] Started Apply Kernel Variables.
[[0;32m  OK  [0m] Started Monitoring of LVM2 mirrors,...ng dmeventd or progress polling.
[[0;32m  OK  [0m] Started Load/Save Random Seed.
[[0;32m  OK  [0m] Started udev Coldplug all Devices.
         Starting udev Kernel Device Manager...
[[0;32m  OK  [0m] Started Flush Journal to Persistent Storage.
[[0;32m  OK  [0m] Started udev Kernel Device Manager.
[[0;32m  OK  [0m] Reached target Local File Systems (Pre).
[[0;32m  OK  [0m] Reached target Local File Systems.
         Starting Create Volatile Files and Directories...
         Starting LSB: AppArmor initialization...
         Starting Tell Plymouth To Write Out Runtime Data...
         Starting Set console font and keymap...
[[0;32m  OK  [0m] Started Dispatch Password Requests to Console Directory Watch.
[[0;32m  OK  [0m] Started Tell Plymouth To Write Out Runtime Data.
[[0;32m  OK  [0m] Found device /dev/ttyS0.
[[0;32m  OK  [0m] Started Create Volatile Files and Directories.
[[0;32m  OK  [0m] Reached target System Time Synchronized.
         Starting Update UTMP about System Boot/Shutdown...
[[0;32m  OK  [0m] Found device 82540EM Gigabit Ethern...r (PRO/1000 MT Desktop Adapter).
[[0;32m  OK  [0m] Started Update UTMP about System Boot/Shutdown.
[[0;32m  OK  [0m] Started Set console font and keymap.
[[0;32m  OK  [0m] Listening on Load/Save RF Kill Switch Status /dev/rfkill Watch.
[[0;32m  OK  [0m] Created slice system-getty.slice.
[[0;32m  OK  [0m] Started LSB: AppArmor initialization.
[   33.372581] cloud-init[461]: Cloud-init v. 17.1 running 'init-local' at Sun, 19 Nov 2017 13:27:23 +0000. Up 32.76 seconds.
[[0;32m  OK  [0m] Started Initial cloud-init job (pre-networking).
[[0;32m  OK  [0m] Reached target Network (Pre).
         Starting Raise network interfaces...
[[0;32m  OK  [0m] Started ifup for enp0s3.
[[0;32m  OK  [0m] Started Raise network interfaces.
[[0;32m  OK  [0m] Reached target Network.
         Starting Initial cloud-init job (metadata service crawler)...
[   35.266836] cloud-init[978]: Cloud-init v. 17.1 running 'init' at Sun, 19 Nov 2017 13:27:24 +0000. Up 34.36 seconds.
[[0;32m  OK  [0m] Started Initial cloud-init job (metadata service crawler).
[   35.395755] cloud-init[978]: ci-info: +++++++++++++++++++++++++++++++++++++Net device info++++++++++++++++++++++++++++++++++++++
[   35.519180] cloud-init[978]: ci-info: +--------+------+----------------------------+---------------+-------+-------------------+
[   35.664534] cloud-init[978]: ci-info: | Device |  Up  |          Address           |      Mask     | Scope |     Hw-Address    |
[[0;32m  OK  [0m] Reached target Cloud-config availability.
[[0;32m  OK  [0m] Reached target System Initialization.
[   35.685193] [cloud-init[0;32m  OK  [0m[978]: ] ci-info: +--------+------+----------------------------+---------------+-------+-------------------+Listening on D-Bus System Message Bus Socket.

[   35.892527]          cloud-initStarting Socket activation for snappy daemon.[978]: 
ci-info: | enp0s3 | True |         10.0.2.15          | 255.255.255.0 |   .   | 02:1b:fc:5d:b5:ff |
[   36.068849] cloud-init[978]: ci-info: | enp0s3 | True | fe80::1b:fcff:fe5d:b5ff/64 |       .       |  link | 02:1b:fc:5d:b5:ff |
[   36.156653] cloud-init[978]: ci-info: |   lo   | True |         127.0.0.1          |   255.0.0.0   |   .   |         .         |
[   36.309586] cloud-init[978]: ci-info: |   lo   | True |          ::1/128           |       .       |  host |         .         |
[   36.400300] cloud-init[978]: ci-info: +--------+------+----------------------------+---------------+-------+-------------------+
[   36.520912] cloud-init[978]: ci-info: +++++++++++++++++++++++++++Route IPv4 info++++++++++++++++++++++++++++
[[0;32m  OK  [0m] Started Timer to automatically refresh installed snaps.
[[0;32m  OK  [0m] Listening on UUID daemon activation socket.
[   36.587848] cloud-init[978]: ci-info: +-------+-------------+----------+---------------+-----------+-------+
[   36.789694] cloud-init[978]: ci-info: | Route | Destination | Gateway  |    Genmask    | Interface | Flags |
[   36.910440] cloud-init[978]: ci-info: +-------+-------------+----------+---------------+-----------+-------+
[   37.041728] cloud-init[978]: ci-info: |   0   |   0.0.0.0   | 10.0.2.2 |    0.0.0.0    |   enp0s3  |   UG  |
[   37.165396] cloud-init[978]: ci-info: |   1   |   10.0.2.0  | 0.0.0.0  | 255.255.255.0 |   enp0s3  |   U   |
[   37.261268] cloud-init[978]: ci-info: +-------+-------------+----------+---------------+-----------+-------+
[[0;32m  OK  [0m] Started ACPI Events Check.
[[0;32m  OK  [0m] Reached target Paths.
         Starting LXD - unix socket.
[[0;32m  OK  [0m] Started Daily Cleanup of Temporary Directories.
[[0;32m  OK  [0m] Listening on ACPID Listen Socket.
[[0;32m  OK  [0m] Reached target Network is Online.
         Starting iSCSI initiator daemon (iscsid)...
[[0;32m  OK  [0m] Started Daily apt download activities.
[[0;32m  OK  [0m] Started Daily apt upgrade and clean activities.
[[0;32m  OK  [0m] Reached target Timers.
[[0;32m  OK  [0m] Listening on Socket activation for snappy daemon.
[[0;32m  OK  [0m] Listening on LXD - unix socket.
[[0;32m  OK  [0m] Reached target Sockets.
[[0;32m  OK  [0m] Reached target Basic System.
[[0;32m  OK  [0m] Started Deferred execution scheduler.
[[0;32m  OK  [0m] Started ACPI event daemon.
         Starting LXD - container startup/shutdown...
[[0;32m  OK  [0m] Started FUSE filesystem for LXC.
         Starting Apply the settings specified in cloud-config...
         Starting LSB: MD monitoring daemon...
         Starting System Logging Service...
         Starting LSB: Record successful boot for GRUB...
[[0;32m  OK  [0m] Started D-Bus System Message Bus.
[   38.837735] cloud-init[1044]: Cloud-init v. 17.1 running 'modules:config' at Sun, 19 Nov 2017 13:27:29 +0000. Up 38.53 seconds.
         Starting Accounts Service...
[[0;32m  OK  [0m] Started Regular background program processing daemon.
[[0;32m  OK  [0m] Started Unattended Upgrades Shutdown.
         Starting OpenBSD Secure Shell server...
         Starting /etc/rc.local Compatibility...
         Starting Login Service...
         Starting Snappy daemon...
[[0;32m  OK  [0m] Started System Logging Service.
[[0;32m  OK  [0m] Started iSCSI initiator daemon (iscsid).
[[0;32m  OK  [0m] Started Apply the settings specified in cloud-config.
[[0;32m  OK  [0m] Started /etc/rc.local Compatibility.
         Starting Login to default iSCSI targets...
[[0;32m  OK  [0m] Started Login Service.
[[0;32m  OK  [0m] Started LSB: Record successful boot for GRUB.
[[0;32m  OK  [0m] Started LSB: MD monitoring daemon.
         Starting Authenticate and Authorize Users to Run Privileged Tasks...
[[0;32m  OK  [0m] Started OpenBSD Secure Shell server.
[[0;32m  OK  [0m] Started LXD - container startup/shutdown.
[[0;32m  OK  [0m] Started Login to default iSCSI targets.
[[0;32m  OK  [0m] Reached target Remote File Systems (Pre).
[[0;32m  OK  [0m] Reached target Remote File Systems.
         Starting LSB: Set the CPU Frequency Scaling governor to "ondemand"...
         Starting LSB: daemon to balance interrupts for SMP systems...
         Starting LSB: VirtualBox Linux Additions...
         Starting LSB: automatic crash report generation...
         Starting Permit User Sessions...
[[0;32m  OK  [0m] Started Permit User Sessions.
[[0;32m  OK  [0m] Started Authenticate and Authorize Users to Run Privileged Tasks.
[[0;32m  OK  [0m] Started Snappy daemon.
[[0;32m  OK  [0m] Started Accounts Service.
[[0;32m  OK  [0m] Started LSB: Set the CPU Frequency Scaling governor to "ondemand".
[[0;32m  OK  [0m] Started LSB: daemon to balance interrupts for SMP systems.
[[0;32m  OK  [0m] Created slice User Slice of ubuntu.
[[0;32m  OK  [0m] Started Session 1 of user ubuntu.
         Starting User Manager for UID 1000...
         Starting Terminate Plymouth Boot Screen...
         Starting Hold until boot process finishes up...
[[0;32m  OK  [0m] Started User Manager for UID 1000.
[[0;32m  OK  [0m] Started LSB: VirtualBox Linux Additions.
[[0;32m  OK  [0m] Started LSB: automatic crash report generation.
[[0;32m  OK  [0m] Started Terminate Plymouth Boot Screen.
[[0;32m  OK  [0m] Started Hold until boot process finishes up.
[[0;32m  OK  [0m] Started Getty on tty1.
         Starting Set console scheme...
[[0;32m  OK  [0m] Started Serial Getty on ttyS0.
[[0;32m  OK  [0m] Reached target Login Prompts.
[[0;32m  OK  [0m] Reached target Multi-User System.
         Starting Execute cloud user/final scripts...
[[0;32m  OK  [0m] Reached target Graphical Interface.
         Starting Update UTMP about System Runlevel Changes...
[[0;32m  OK  [0m] Started Set console scheme.
[[0;32m  OK  [0m] Started Update UTMP about System Runlevel Changes.
[   42.798238] cloud-init[1210]: Cloud-init v. 17.1 running 'modules:final' at Sun, 19 Nov 2017 13:27:32 +0000. Up 42.49 seconds.
[   42.901023] cloud-init[1210]: Cloud-init v. 17.1 finished at Sun, 19 Nov 2017 13:27:33 +0000. Datasource DataSourceNoCloud [seed=/dev/sdb][dsmode=net].  Up 42.78 seconds
[[0;32m  OK  [0m] Started Execute cloud user/final scripts.
[[0;32m  OK  [0m] Reached target Cloud-init target.

Ubuntu 16.04.3 LTS ubuntu-xenial ttyS0

ubuntu-xenial login: [  705.819555] e1000 0000:00:03.0 enp0s3: Detected Tx Unit Hang
[  705.819555]   Tx Queue             <0>
[  705.819555]   TDH                  <81>
[  705.819555]   TDT                  <83>
[  705.819555]   next_to_use          <83>
[  705.819555]   next_to_clean        <81>
[  705.819555] buffer_info[next_to_clean]
[  705.819555]   time_stamp           <100016e71>
[  705.819555]   next_to_watch        <82>
[  705.819555]   jiffies              <100017060>
[  705.819555]   next_to_watch.status <0>
[  707.821934] e1000 0000:00:03.0 enp0s3: Detected Tx Unit Hang
[  707.821934]   Tx Queue             <0>
[  707.821934]   TDH                  <81>
[  707.821934]   TDT                  <83>
[  707.821934]   next_to_use          <83>
[  707.821934]   next_to_clean        <81>
[  707.821934] buffer_info[next_to_clean]
[  707.821934]   time_stamp           <100016e71>
[  707.821934]   next_to_watch        <82>
[  707.821934]   jiffies              <100017255>
[  707.821934]   next_to_watch.status <0>
[  709.824786] e1000 0000:00:03.0 enp0s3: Detected Tx Unit Hang
[  709.824786]   Tx Queue             <0>
[  709.824786]   TDH                  <81>
[  709.824786]   TDT                  <83>
[  709.824786]   next_to_use          <83>
[  709.824786]   next_to_clean        <81>
[  709.824786] buffer_info[next_to_clean]
[  709.824786]   time_stamp           <100016e71>
[  709.824786]   next_to_watch        <82>
[  709.824786]   jiffies              <10001744a>
[  709.824786]   next_to_watch.status <0>
[  711.827924] e1000 0000:00:03.0 enp0s3: Detected Tx Unit Hang
[  711.827924]   Tx Queue             <0>
[  711.827924]   TDH                  <81>
[  711.827924]   TDT                  <83>
[  711.827924]   next_to_use          <83>
[  711.827924]   next_to_clean        <81>
[  711.827924] buffer_info[next_to_clean]
[  711.827924]   time_stamp           <100016e71>
[  711.827924]   next_to_watch        <82>
[  711.827924]   jiffies              <10001763f>
[  711.827924]   next_to_watch.status <0>
[  712.422776] e1000 0000:00:03.0 enp0s3: Reset adapter
[[0;32m  OK  [0m] Closed Lo/         Stopping Serial Getty on ttyS0...
         Stopping Getty on tty1...
         Stopping System Logging Service...
         Stopping LXD - container startup/shutdown...
         Stopping FUSE filesystem for LXC...
         Stopping LSB: daemon to balance interrupts for SMP systems...
         Stopping LSB: Set the CPU Frequency Scaling governor to "ondemand"...
         Stopping Deferred execution scheduler...
         Stopping LSB: VirtualBox Linux Additions...
         Stopping Regular background program processing daemon...
         Stopping Snappy daemon...
         Stopping ACPI event daemon...
         Stopping User Manager for UID 1000...
         Stopping Accounts Service...
         Stopping D-Bus System Message Bus...
[[0;32m  OK  [0m] Stopped Timer to automatically refresh installed snaps.
[[0;32m  OK  [0m] Stopped target System Time Synchronized.
         Stopping LSB: automatic crash report generation...
[[0;32m  OK  [0m] Unmounted /var/lib/lxcfs.
[[0;32m  OK  [0m] Stopped Deferred execution scheduler.
[[0;32m  OK  [0m] Stopped ACPI event daemon.
[[0;32m  OK  [0m] Stopped System Logging Service.
[[0;32m  OK  [0m] Stopped Accounts Service.
[[0;32m  OK  [0m] Stopped Regular background program processing daemon.
[[0;32m  OK  [0m] Stopped OpenBSD Secure Shell server.
[[0;32m  OK  [0m] Stopped Snappy daemon.
[[0;32m  OK  [0m] Stopped Authenticate and Authorize Users to Run Privileged Tasks.
[[0;32m  OK  [0m] Stopped Getty on tty1.
[[0;32m  OK  [0m] Stopped Serial Getty on ttyS0.
[[0;32m  OK  [0m] Stopped User Manager for UID 1000.
[[0;32m  OK  [0m] Stopped Session 4 of user ubuntu.
[[0;32m  OK  [0m] Stopped Unattended Upgrades Shutdown.
[[0;32m  OK  [0m] Stopped D-Bus System Message Bus.
[[0;32m  OK  [0m] Stopped FUSE filesystem for LXC.
[[0;32m  OK  [0m] Stopped LXD - container startup/shutdown.
[[0;32m  OK  [0m] Removed slice User Slice of ubuntu.
         Stopping Login Service...
[[0;32m  OK  [0m] Removed slice system-serial\x2dgetty.slice.
         Stopping Permit User Sessions...
[[0;32m  OK  [0m] Removed slice system-getty.slice.
[[0;32m  OK  [0m] Stopped /etc/rc.local Compatibility.
[[0;32m  OK  [0m] Stopped Login Service.
[[0;32m  OK  [0m] Stopped LSB: Record successful boot for GRUB.
[[0;32m  OK  [0m] Stopped LSB: MD monitoring daemon.
[[0;32m  OK  [0m] Stopped LSB: daemon to balance interrupts for SMP systems.
[[0;32m  OK  [0m] Stopped LSB: Set the CPU Frequency Scaling governor to "ondemand".
[[0;32m  OK  [0m] Stopped LSB: VirtualBox Linux Additions.
[[0;32m  OK  [0m] Stopped LSB: automatic crash report generation.
[[0;32m  OK  [0m] Stopped Permit User Sessions.
[[0;32m  OK  [0m] Stopped target Remote File Systems.
[[0;32m  OK  [0m] Stopped target Remote File Systems (Pre).
         Stopping Login to default iSCSI targets...
[[0;32m  OK  [0m] Stopped target Basic System.
[[0;32m  OK  [0m] Stopped target Sockets.
[[0;32m  OK  [0m] Closed ACPID Listen Socket.
[[0;32m  OK  [0m] Closed LXD - unix socket.
[[0;32m  OK  [0m] Closed Syslog Socket.
[[0;32m  OK  [0m] Closed D-Bus System Message Bus Socket.
[[0;32m  OK  [0m] Closed UUID daemon activation socket.
[[0;32m  OK  [0m] Closed Socket activation for snappy daemon.
[[0;32m  OK  [0m] Stopped target Slices.
[[0;32m  OK  [0m] Removed slice User and Session Slice.
[[0;32m  OK  [0m] Stopped target Paths.
[[0;32m  OK  [0m] Stopped ACPI Events Check.
[[0;32m  OK  [0m] Stopped target System Initialization.
         Stopping Update UTMP about System Boot/Shutdown...
[[0;32m  OK  [0m] Stopped target Swap.
[[0;32m  OK  [0m] Stopped target Encrypted Volumes.
         Stopping Load/Save Random Seed...
[[0;32m  OK  [0m] Stopped Forward Password Requests to Wall Directory Watch.
[[0;32m  OK  [0m] Stopped Dispatch Password Requests to Console Directory Watch.
[[0;32m  OK  [0m] Stopped target User and Group Name Lookups.
[[0;32m  OK  [0m] Stopped Load/Save Random Seed.
[[0;32m  OK  [0m] Stopped Update UTMP about System Boot/Shutdown.
[[0;32m  OK  [0m] Stopped Login to default iSCSI targets.
         Stopping iSCSI initiator daemon (iscsid)...
[[0;32m  OK  [0m] Stopped Create Volatile Files and Directories.
[[0;32m  OK  [0m] Stopped iSCSI initiator daemon (iscsid).
[[0;32m  OK  [0m] Stopped target Network is Online.
[[0;32m  OK  [0m] Stopped target Network.
[[0;32m  OK  [0m] Stopped Initial cloud-init job (metadata service crawler).
         Stopping Raise network interfaces...
[[0;32m  OK  [0m] Stopped Raise network interfaces.
[[0;32m  OK  [0m] Stopped target Network (Pre).
[[0;32m  OK  [0m] Stopped Initial cloud-init job (pre-networking).
[[0;32m  OK  [0m] Stopped target Local File Systems.
         Unmounting /run/user/1000...
         Unmounting /vagrant...
[[0;32m  OK  [0m] Stopped Apply Kernel Variables.
[[0;32m  OK  [0m] Stopped Load Kernel Modules.
[[0;32m  OK  [0m] Unmounted /run/user/1000.
[[0;32m  OK  [0m] Unmounted /vagrant.
[[0;32m  OK  [0m] Reached target Unmount All Filesystems.
[[0;32m  OK  [0m] Stopped target Local File Systems (Pre).
[[0;32m  OK  [0m] Stopped Create Static Device Nodes in /dev.
         Stopping Monitoring of LVM2 mirrors... dmeventd or progress polling...
[[0;32m  OK  [0m] Stopped Remount Root and Kernel File Systems.
[[0;32m  OK  [0m] Reached target Shutdown.
[ 3442.902348] reboot: Power down